2023-12-23 15:26:30,641 INFO o.a.j.u.JMeterUtils: Setting Locale to en_US
2023-12-23 15:26:30,648 INFO o.a.j.JMeter: Loading user properties from: C:\Users\korz_\IdeaProjects\jmeter_assigment\apache-jmeter-5.6.2\bin\user.properties
2023-12-23 15:26:30,649 INFO o.a.j.JMeter: Loading system properties from: C:\Users\korz_\IdeaProjects\jmeter_assigment\apache-jmeter-5.6.2\bin\system.properties
2023-12-23 15:26:30,652 INFO o.a.j.JMeter: Copyright (c) 1998-2023 The Apache Software Foundation
2023-12-23 15:26:30,652 INFO o.a.j.JMeter: Version 5.6.2
2023-12-23 15:26:30,652 INFO o.a.j.JMeter: java.version=1.8.0_381
2023-12-23 15:26:30,652 INFO o.a.j.JMeter: java.vm.name=Java HotSpot(TM) 64-Bit Server VM
2023-12-23 15:26:30,652 INFO o.a.j.JMeter: os.name=Windows 11
2023-12-23 15:26:30,652 INFO o.a.j.JMeter: os.arch=amd64
2023-12-23 15:26:30,652 INFO o.a.j.JMeter: os.version=10.0
2023-12-23 15:26:30,652 INFO o.a.j.JMeter: file.encoding=Cp1252
2023-12-23 15:26:30,652 INFO o.a.j.JMeter: java.awt.headless=true
2023-12-23 15:26:30,652 INFO o.a.j.JMeter: Max memory     =3749183488
2023-12-23 15:26:30,652 INFO o.a.j.JMeter: Available Processors =20
2023-12-23 15:26:30,655 INFO o.a.j.JMeter: Default Locale=English (United States)
2023-12-23 15:26:30,655 INFO o.a.j.JMeter: JMeter  Locale=English (United States)
2023-12-23 15:26:30,655 INFO o.a.j.JMeter: JMeterHome=C:\Users\korz_\IdeaProjects\jmeter_assigment\apache-jmeter-5.6.2
2023-12-23 15:26:30,655 INFO o.a.j.JMeter: user.dir  =C:\Users\korz_\IdeaProjects\jmeter_assigment
2023-12-23 15:26:30,655 INFO o.a.j.JMeter: PWD       =C:\Users\korz_\IdeaProjects\jmeter_assigment
2023-12-23 15:26:30,659 INFO o.a.j.JMeter: IP: 192.168.3.42 Name: MSI FullName: MSI
2023-12-23 15:26:30,738 INFO o.a.j.JMeter: Setting property 'jmeter.reportgenerator.outputdir' to:'C:\Users\korz_\IdeaProjects\jmeter_assigment\.\report'
2023-12-23 15:26:30,740 INFO o.a.j.s.FileServer: Default base='C:\Users\korz_\IdeaProjects\jmeter_assigment'
2023-12-23 15:26:30,740 INFO o.a.j.s.FileServer: Set new base='C:\Users\korz_\IdeaProjects\jmeter_assigment'
2023-12-23 15:26:30,807 INFO o.a.j.s.SaveService: Testplan (JMX) version: 2.2. Testlog (JTL) version: 2.2
2023-12-23 15:26:30,821 INFO o.a.j.s.SaveService: Using SaveService properties file encoding UTF-8
2023-12-23 15:26:30,824 INFO o.a.j.s.SaveService: Using SaveService properties version 5.0
2023-12-23 15:26:30,827 INFO o.a.j.s.SaveService: Loading file: Aggregate_Report.jmx
2023-12-23 15:26:30,867 INFO o.a.j.p.h.s.HTTPSamplerBase: Parser for text/html is org.apache.jmeter.protocol.http.parser.LagartoBasedHtmlParser
2023-12-23 15:26:30,867 INFO o.a.j.p.h.s.HTTPSamplerBase: Parser for application/xhtml+xml is org.apache.jmeter.protocol.http.parser.LagartoBasedHtmlParser
2023-12-23 15:26:30,867 INFO o.a.j.p.h.s.HTTPSamplerBase: Parser for application/xml is org.apache.jmeter.protocol.http.parser.LagartoBasedHtmlParser
2023-12-23 15:26:30,867 INFO o.a.j.p.h.s.HTTPSamplerBase: Parser for text/xml is org.apache.jmeter.protocol.http.parser.LagartoBasedHtmlParser
2023-12-23 15:26:30,867 INFO o.a.j.p.h.s.HTTPSamplerBase: Parser for text/vnd.wap.wml is org.apache.jmeter.protocol.http.parser.RegexpHTMLParser
2023-12-23 15:26:30,867 INFO o.a.j.p.h.s.HTTPSamplerBase: Parser for text/css is org.apache.jmeter.protocol.http.parser.CssParser
2023-12-23 15:26:31,111 INFO o.a.j.JMeter: Creating summariser <summary>
2023-12-23 15:26:31,115 INFO o.a.j.r.d.ReportGenerator: ReportGenerator will use for Parsing the separator: ','
2023-12-23 15:26:31,115 INFO o.a.j.r.d.ReportGenerator: Will generate report at end of test from  results file: ./result.jtl
2023-12-23 15:26:31,115 INFO o.a.j.r.d.ReportGenerator: Reading report generator properties from: C:\Users\korz_\IdeaProjects\jmeter_assigment\apache-jmeter-5.6.2\bin\reportgenerator.properties
2023-12-23 15:26:31,115 INFO o.a.j.r.d.ReportGenerator: Merging with JMeter properties
2023-12-23 15:26:31,119 INFO o.a.j.r.c.ReportGeneratorConfiguration: Property 'jmeter.reportgenerator.temp_dir' not found, using default value 'temp' instead.
2023-12-23 15:26:31,120 INFO o.a.j.r.c.ReportGeneratorConfiguration: Property 'jmeter.reportgenerator.apdex_per_transaction' not found, using default value 'null' instead.
2023-12-23 15:26:31,120 INFO o.a.j.r.c.ReportGeneratorConfiguration: apdex_per_transaction is empty, not APDEX per transaction customization
2023-12-23 15:26:31,120 INFO o.a.j.r.c.ReportGeneratorConfiguration: Property 'jmeter.reportgenerator.sample_filter' not found, using default value 'null' instead.
2023-12-23 15:26:31,120 INFO o.a.j.r.c.ReportGeneratorConfiguration: Property 'jmeter.reportgenerator.report_title' not found, using default value 'null' instead.
2023-12-23 15:26:31,120 INFO o.a.j.r.c.ReportGeneratorConfiguration: Property 'jmeter.reportgenerator.start_date' not found, using default value 'null' instead.
2023-12-23 15:26:31,120 INFO o.a.j.r.c.ReportGeneratorConfiguration: Property 'jmeter.reportgenerator.end_date' not found, using default value 'null' instead.
2023-12-23 15:26:31,120 INFO o.a.j.r.c.ReportGeneratorConfiguration: Property 'jmeter.reportgenerator.date_format' not found, using default value 'null' instead.
2023-12-23 15:26:31,122 INFO o.a.j.r.c.ReportGeneratorConfiguration: Will use date range start date: null, end date: null
2023-12-23 15:26:31,124 INFO o.a.j.r.c.ReportGeneratorConfiguration: Property 'jmeter.reportgenerator.graph.totalTPS.exclude_controllers' not found, using default value 'false' instead.
2023-12-23 15:26:31,125 INFO o.a.j.r.c.ReportGeneratorConfiguration: Property 'jmeter.reportgenerator.graph.activeThreadsOverTime.exclude_controllers' not found, using default value 'false' instead.
2023-12-23 15:26:31,125 INFO o.a.j.r.c.ReportGeneratorConfiguration: Property 'jmeter.reportgenerator.graph.timeVsThreads.exclude_controllers' not found, using default value 'false' instead.
2023-12-23 15:26:31,125 INFO o.a.j.r.c.ReportGeneratorConfiguration: Property 'jmeter.reportgenerator.graph.responseTimeDistribution.exclude_controllers' not found, using default value 'false' instead.
2023-12-23 15:26:31,125 INFO o.a.j.r.c.ReportGeneratorConfiguration: Property 'jmeter.reportgenerator.graph.transactionsPerSecond.exclude_controllers' not found, using default value 'false' instead.
2023-12-23 15:26:31,125 INFO o.a.j.r.c.ReportGeneratorConfiguration: Property 'jmeter.reportgenerator.graph.responseTimePercentiles.exclude_controllers' not found, using default value 'false' instead.
2023-12-23 15:26:31,125 INFO o.a.j.r.c.ReportGeneratorConfiguration: Property 'jmeter.reportgenerator.graph.responseTimePercentilesOverTime.exclude_controllers' not found, using default value 'false' instead.
2023-12-23 15:26:31,125 INFO o.a.j.r.c.ReportGeneratorConfiguration: Property 'jmeter.reportgenerator.graph.responseTimesOverTime.exclude_controllers' not found, using default value 'false' instead.
2023-12-23 15:26:31,125 INFO o.a.j.r.c.ReportGeneratorConfiguration: Property 'jmeter.reportgenerator.graph.connectTimeOverTime.exclude_controllers' not found, using default value 'false' instead.
2023-12-23 15:26:31,125 INFO o.a.j.r.c.ReportGeneratorConfiguration: Property 'jmeter.reportgenerator.graph.latenciesOverTime.exclude_controllers' not found, using default value 'false' instead.
2023-12-23 15:26:31,126 INFO o.a.j.r.c.ReportGeneratorConfiguration: Property 'jmeter.reportgenerator.exporter.json.filters_only_sample_series' not found, using default value 'true' instead.
2023-12-23 15:26:31,126 INFO o.a.j.r.c.ReportGeneratorConfiguration: Property 'jmeter.reportgenerator.exporter.json.series_filter' not found, using default value '' instead.
2023-12-23 15:26:31,126 INFO o.a.j.r.c.ReportGeneratorConfiguration: Property 'jmeter.reportgenerator.exporter.json.show_controllers_only' not found, using default value 'false' instead.
2023-12-23 15:26:31,126 INFO o.a.j.r.c.ReportGeneratorConfiguration: Property 'jmeter.reportgenerator.exporter.html.filters_only_sample_series' not found, using default value 'true' instead.
2023-12-23 15:26:31,126 INFO o.a.j.r.c.ReportGeneratorConfiguration: Property 'jmeter.reportgenerator.exporter.html.series_filter' not found, using default value '' instead.
2023-12-23 15:26:31,126 INFO o.a.j.r.c.ReportGeneratorConfiguration: Property 'jmeter.reportgenerator.exporter.html.show_controllers_only' not found, using default value 'false' instead.
2023-12-23 15:26:31,132 INFO o.a.j.e.StandardJMeterEngine: Running the test!
2023-12-23 15:26:31,132 INFO o.a.j.s.SampleEvent: List of sample_variables: []
2023-12-23 15:26:31,132 INFO o.a.j.s.SampleEvent: List of sample_variables: []
2023-12-23 15:26:31,135 INFO o.a.j.e.u.CompoundVariable: Note: Function class names must contain the string: '.functions.'
2023-12-23 15:26:31,135 INFO o.a.j.e.u.CompoundVariable: Note: Function class names must not contain the string: '.gui.'
2023-12-23 15:26:31,311 INFO o.a.j.JMeter: Running test (1703337991311)
2023-12-23 15:26:31,381 INFO o.a.j.e.StandardJMeterEngine: Starting ThreadGroup: 1 : Thread Group
2023-12-23 15:26:31,381 INFO o.a.j.e.StandardJMeterEngine: Starting 1 threads for group Thread Group.
2023-12-23 15:26:31,382 INFO o.a.j.e.StandardJMeterEngine: Thread will continue on error
2023-12-23 15:26:31,382 INFO o.a.j.t.ThreadGroup: Starting thread group... number=1 threads=1 ramp-up=1 delayedStart=false
2023-12-23 15:26:31,384 INFO o.a.j.t.ThreadGroup: Started thread group number 1
2023-12-23 15:26:31,385 INFO o.a.j.e.StandardJMeterEngine: All thread groups have been started
2023-12-23 15:26:31,401 INFO o.a.j.t.JMeterThread: Thread started: Thread Group 1-1
2023-12-23 15:26:31,402 INFO o.a.j.s.FileServer: Stored: ./users.csv
2023-12-23 15:26:31,415 INFO o.a.j.p.h.s.HTTPHCAbstractImpl: Local host = MSI
2023-12-23 15:26:31,419 INFO o.a.j.p.h.s.HTTPHC4Impl: HTTP request retry count = 0
2023-12-23 15:26:31,419 INFO o.a.j.s.SampleResult: Note: Sample TimeStamps are START times
2023-12-23 15:26:31,419 INFO o.a.j.s.SampleResult: sampleresult.default.encoding is set to UTF-8
2023-12-23 15:26:31,419 INFO o.a.j.s.SampleResult: sampleresult.useNanoTime=true
2023-12-23 15:26:31,419 INFO o.a.j.s.SampleResult: sampleresult.nanoThreadSleep=5000
2023-12-23 15:26:31,472 INFO o.a.j.p.h.s.h.LazyLayeredConnectionSocketFactory: Setting up HTTPS TrustAll Socket Factory
2023-12-23 15:26:31,475 INFO o.a.j.u.JsseSSLManager: Using default SSL protocol: TLS
2023-12-23 15:26:31,475 INFO o.a.j.u.JsseSSLManager: SSL session context: per-thread
2023-12-23 15:26:31,793 INFO o.a.j.u.SSLManager: JmeterKeyStore Location:  type JKS
2023-12-23 15:26:31,795 INFO o.a.j.u.SSLManager: KeyStore created OK
2023-12-23 15:26:31,795 WARN o.a.j.u.SSLManager: Keystore file not found, loading empty keystore
2023-12-23 15:26:32,415 INFO o.a.j.r.Summariser: summary +      1 in 00:00:01 =    0.9/s Avg:   899 Min:   899 Max:   899 Err:     0 (0.00%) Active: 1 Started: 1 Finished: 0
2023-12-23 15:26:36,029 INFO o.a.j.t.JMeterThread: Thread is done: Thread Group 1-1
2023-12-23 15:26:36,029 INFO o.a.j.t.JMeterThread: Thread finished: Thread Group 1-1
2023-12-23 15:26:36,030 INFO o.a.j.e.StandardJMeterEngine: Notifying test listeners of end of test
2023-12-23 15:26:36,030 INFO o.a.j.s.FileServer: Close: ./users.csv
2023-12-23 15:26:36,031 INFO o.a.j.r.Summariser: summary +     29 in 00:00:04 =    8.0/s Avg:   123 Min:   123 Max:   126 Err:     0 (0.00%) Active: 0 Started: 1 Finished: 1
2023-12-23 15:26:36,031 INFO o.a.j.r.Summariser: summary =     30 in 00:00:05 =    6.4/s Avg:   149 Min:   123 Max:   899 Err:     0 (0.00%)
2023-12-23 15:26:36,031 INFO o.a.j.JMeter: Generating Dashboard
2023-12-23 15:26:36,031 INFO o.a.j.r.d.ReportGenerator: Flushing result collector before report Generation
2023-12-23 15:26:36,039 INFO o.a.j.r.p.NormalizerSampleConsumer: Using format, 'ms', to parse timeStamp field
2023-12-23 15:26:36,079 INFO o.a.j.r.p.AbstractSampleConsumer: class org.apache.jmeter.report.processor.AggregateConsumer#stopProducing(): beginDate produced 0 samples
2023-12-23 15:26:36,080 INFO o.a.j.r.p.AbstractSampleConsumer: class org.apache.jmeter.report.processor.AggregateConsumer#stopProducing(): endDate produced 0 samples
2023-12-23 15:26:36,081 INFO o.a.j.r.p.AbstractSampleConsumer: class org.apache.jmeter.report.processor.ApdexSummaryConsumer#stopProducing(): apdexSummary produced 0 samples
2023-12-23 15:26:36,081 INFO o.a.j.r.p.AbstractSampleConsumer: class org.apache.jmeter.report.processor.RequestsSummaryConsumer#stopProducing(): requestsSummary produced 0 samples
2023-12-23 15:26:36,084 INFO o.a.j.r.p.AbstractSampleConsumer: class org.apache.jmeter.report.processor.StatisticsSummaryConsumer#stopProducing(): statisticsSummary produced 0 samples
2023-12-23 15:26:36,085 INFO o.a.j.r.p.AbstractSampleConsumer: class org.apache.jmeter.report.processor.Top5ErrorsBySamplerConsumer#stopProducing(): top5ErrorsBySampler produced 0 samples
2023-12-23 15:26:36,086 INFO o.a.j.r.p.AbstractSampleConsumer: class org.apache.jmeter.report.processor.ErrorsSummaryConsumer#stopProducing(): errorsSummary produced 0 samples
2023-12-23 15:26:36,086 INFO o.a.j.r.p.AbstractSampleConsumer: class org.apache.jmeter.report.processor.graph.impl.HitsPerSecondGraphConsumer#stopProducing(): hitsPerSecond produced 0 samples
2023-12-23 15:26:36,089 INFO o.a.j.r.p.AbstractSampleConsumer: class org.apache.jmeter.report.processor.graph.impl.LatencyVSRequestGraphConsumer#stopProducing(): latencyVsRequest produced 0 samples
2023-12-23 15:26:36,089 INFO o.a.j.r.p.AbstractSampleConsumer: class org.apache.jmeter.report.processor.graph.impl.SyntheticResponseTimeDistributionGraphConsumer#stopProducing(): syntheticResponseTimeDistribution produced 0 samples
2023-12-23 15:26:36,089 INFO o.a.j.r.p.AbstractSampleConsumer: class org.apache.jmeter.report.processor.graph.impl.BytesThroughputGraphConsumer#stopProducing(): bytesThroughputOverTime produced 0 samples
2023-12-23 15:26:36,089 INFO o.a.j.r.p.AbstractSampleConsumer: class org.apache.jmeter.report.processor.graph.impl.CodesPerSecondGraphConsumer#stopProducing(): codesPerSecond produced 0 samples
2023-12-23 15:26:36,092 INFO o.a.j.r.p.AbstractSampleConsumer: class org.apache.jmeter.report.processor.graph.impl.ResponseTimeVSRequestGraphConsumer#stopProducing(): responseTimeVsRequest produced 0 samples
2023-12-23 15:26:36,092 INFO o.a.j.r.p.AbstractSampleConsumer: class org.apache.jmeter.report.processor.FilterConsumer#stopProducing(): startIntervalControlerFilter produced 210 samples
2023-12-23 15:26:36,092 INFO o.a.j.r.p.AbstractSampleConsumer: class org.apache.jmeter.report.processor.graph.impl.TotalTPSGraphConsumer#stopProducing(): totalTPS produced 0 samples
2023-12-23 15:26:36,093 INFO o.a.j.r.p.AbstractSampleConsumer: class org.apache.jmeter.report.processor.graph.impl.ActiveThreadsGraphConsumer#stopProducing(): activeThreadsOverTime produced 0 samples
2023-12-23 15:26:36,093 INFO o.a.j.r.p.AbstractSampleConsumer: class org.apache.jmeter.report.processor.graph.impl.TimeVSThreadGraphConsumer#stopProducing(): timeVsThreads produced 0 samples
2023-12-23 15:26:36,093 INFO o.a.j.r.p.AbstractSampleConsumer: class org.apache.jmeter.report.processor.graph.impl.ResponseTimeDistributionGraphConsumer#stopProducing(): responseTimeDistribution produced 0 samples
2023-12-23 15:26:36,093 INFO o.a.j.r.p.AbstractSampleConsumer: class org.apache.jmeter.report.processor.graph.impl.TransactionsPerSecondGraphConsumer#stopProducing(): transactionsPerSecond produced 0 samples
2023-12-23 15:26:36,093 INFO o.a.j.r.p.AbstractSampleConsumer: class org.apache.jmeter.report.processor.graph.impl.ResponseTimePercentilesGraphConsumer#stopProducing(): responseTimePercentiles produced 0 samples
2023-12-23 15:26:36,093 INFO o.a.j.r.p.AbstractSampleConsumer: class org.apache.jmeter.report.processor.graph.impl.ResponseTimePercentilesOverTimeGraphConsumer#stopProducing(): responseTimePercentilesOverTime produced 0 samples
2023-12-23 15:26:36,093 INFO o.a.j.r.p.AbstractSampleConsumer: class org.apache.jmeter.report.processor.graph.impl.ResponseTimeOverTimeGraphConsumer#stopProducing(): responseTimesOverTime produced 0 samples
2023-12-23 15:26:36,093 INFO o.a.j.r.p.AbstractSampleConsumer: class org.apache.jmeter.report.processor.graph.impl.ConnectTimeOverTimeGraphConsumer#stopProducing(): connectTimeOverTime produced 0 samples
2023-12-23 15:26:36,093 INFO o.a.j.r.p.AbstractSampleConsumer: class org.apache.jmeter.report.processor.graph.impl.LatencyOverTimeGraphConsumer#stopProducing(): latenciesOverTime produced 0 samples
2023-12-23 15:26:36,095 INFO o.a.j.r.p.AbstractSampleConsumer: class org.apache.jmeter.report.processor.FilterConsumer#stopProducing(): nameFilter produced 450 samples
2023-12-23 15:26:36,095 INFO o.a.j.r.p.AbstractSampleConsumer: class org.apache.jmeter.report.processor.FilterConsumer#stopProducing(): dateRangeFilter produced 90 samples
2023-12-23 15:26:36,095 INFO o.a.j.r.p.AbstractSampleConsumer: class org.apache.jmeter.report.processor.NormalizerSampleConsumer#stopProducing(): normalizer produced 30 samples
2023-12-23 15:26:36,095 INFO o.a.j.r.p.CsvFileSampleSource: produce(): 30 samples produced in 41ms on channel 0
2023-12-23 15:26:36,095 INFO o.a.j.r.d.ReportGenerator: Exporting data using exporter:'json' of className:'org.apache.jmeter.report.dashboard.JsonExporter'
2023-12-23 15:26:36,099 INFO o.a.j.r.d.JsonExporter: Found data for consumer statisticsSummary in context
2023-12-23 15:26:36,099 INFO o.a.j.r.d.JsonExporter: Creating statistics for overall
2023-12-23 15:26:36,099 INFO o.a.j.r.d.JsonExporter: Creating statistics for other transactions
2023-12-23 15:26:36,099 INFO o.a.j.r.d.JsonExporter: Checking output folder
2023-12-23 15:26:36,099 INFO o.a.j.r.d.JsonExporter: Writing statistics JSON to C:\Users\korz_\IdeaProjects\jmeter_assigment\.\report\statistics.json
2023-12-23 15:26:36,124 INFO o.a.j.r.d.ReportGenerator: Exporting data using exporter:'html' of className:'org.apache.jmeter.report.dashboard.HtmlTemplateExporter'
2023-12-23 15:26:36,125 INFO o.a.j.r.d.HtmlTemplateExporter: Will generate dashboard in folder: C:\Users\korz_\IdeaProjects\jmeter_assigment\.\report
2023-12-23 15:26:36,186 INFO o.a.j.r.d.HtmlTemplateExporter: Report will be generated in: C:\Users\korz_\IdeaProjects\jmeter_assigment\.\report, creating folder structure
2023-12-23 15:26:36,187 INFO o.a.j.r.d.TemplateVisitor: Copying folder from 'C:\Users\korz_\IdeaProjects\jmeter_assigment\apache-jmeter-5.6.2\bin\report-template' to 'C:\Users\korz_\IdeaProjects\jmeter_assigment\.\report', got message: C:\Users\korz_\IdeaProjects\jmeter_assigment\.\report, found non empty folder with following content [C:\Users\korz_\IdeaProjects\jmeter_assigment\.\report\statistics.json], will be ignored
2023-12-23 15:26:36,443 INFO o.a.j.JMeter: Dashboard generated
